2025-07-21 17:01:36.040095 - User: Anonymous - Path: /
2025-07-21 17:01:37.902335 - User: Anonymous - Path: /favicon.ico
2025-07-21 17:01:51.175177 - User: Anonymous - Path: /api
2025-07-21 17:01:51.236455 - User: Anonymous - Path: /api/
Watching for file changes with StatReloader
2025-07-21 17:55:07.934954 - User: Anonymous - Path: /api/
Unauthorized: /api/
"GET /api/ HTTP/1.1" 401 9838
2025-07-21 17:55:19.251966 - User: Anonymous - Path: /admin/
"GET /admin/ HTTP/1.1" 302 0
2025-07-21 17:55:19.315441 - User: Anonymous - Path: /admin/login/
"GET /admin/login/?next=/admin/ HTTP/1.1" 200 4157
"GET /static/admin/css/dark_mode.css HTTP/1.1" 200 2804
"GET /static/admin/css/base.css HTTP/1.1" 200 22092
"GET /static/admin/css/nav_sidebar.css HTTP/1.1" 200 2810
"GET /static/admin/css/login.css HTTP/1.1" 200 951
"GET /static/admin/js/theme.js HTTP/1.1" 200 1653
"GET /static/admin/css/responsive.css HTTP/1.1" 200 17972
"GET /static/admin/js/nav_sidebar.js HTTP/1.1" 200 3063
2025-07-21 17:55:24.335676 - User: Anonymous - Path: /admin/login/
"POST /admin/login/?next=/admin/ HTTP/1.1" 200 4314
2025-07-21 17:55:49.532090 - User: Anonymous - Path: /admin/login/
"POST /admin/login/?next=/admin/ HTTP/1.1" 302 0
2025-07-21 17:55:51.952774 - User: Wuor Bhang (uhuribhang211@gmail.com) - Path: /admin/
"GET /admin/ HTTP/1.1" 200 7976
"GET /static/admin/css/dashboard.css HTTP/1.1" 200 441
"GET /static/admin/img/icon-changelink.svg HTTP/1.1" 200 380
"GET /static/admin/img/icon-addlink.svg HTTP/1.1" 200 331
